2024-06-15T14:46:26  test: add edge case
2024-07-15T09:03:33  refactor: tidy internals
2024-07-21T16:20:40  fix: handle empty input gracefully
2024-08-21T11:37:47  perf: micro-optimization
2024-09-20T18:54:54  style: formatting
2024-10-21T13:11:01  chore: bump dev tooling
2024-10-27T08:28:08  docs: expand examples
2024-11-27T15:45:15  test: strengthen coverage
2024-12-27T10:02:22  chore: tune defaults
2025-01-27T17:19:29  refactor: simplify helper
2025-02-02T12:36:36  chore: routine maintenance
2025-03-05T19:53:43  docs: clarify usage notes
2025-04-04T14:10:50  test: add edge case
2025-05-05T09:27:57  refactor: tidy internals
2025-05-11T16:44:04  fix: handle empty input gracefully
2025-06-11T11:01:11  perf: micro-optimization
2025-07-11T18:18:18  style: formatting
2025-07-24T13:35:25  chore: bump dev tooling
2025-08-24T08:52:32  docs: expand examples
2025-09-23T15:09:39  test: strengthen coverage
2025-10-24T10:26:46  chore: tune defaults
2025-10-30T17:43:53  refactor: simplify helper
2025-11-30T12:00:00  chore: routine maintenance
2025-12-30T19:17:07  docs: clarify usage notes
2026-01-30T14:34:14  test: add edge case
2026-02-05T09:51:21  refactor: tidy internals
2026-03-08T16:08:28  fix: handle empty input gracefully
2026-04-07T11:25:35  perf: micro-optimization
2026-05-08T18:42:42  style: formatting
2026-05-14T13:59:49  chore: bump dev tooling
2024-09-13T14:46:26  refactor: I have altered the code. pray I don't alter it further
2024-10-13T09:03:33  feat: do or do not, there is no try/except
2025-02-08T16:20:40  perf: speed. I am speed.
2025-06-06T11:37:47  fix: the cake is a lie, but the bug was real
